e:\work\2023\lg-vdcu\exceltobin\exceltobin\release\exceltobin.pch
e:\work\2023\lg-vdcu\exceltobin\exceltobin\release\vc120.pdb
e:\work\2023\lg-vdcu\exceltobin\exceltobin\release\stdafx.obj
e:\work\2023\lg-vdcu\exceltobin\exceltobin\release\rulefile.obj
e:\work\2023\lg-vdcu\exceltobin\exceltobin\release\readexcel.obj
e:\work\2023\lg-vdcu\exceltobin\exceltobin\release\path.obj
e:\work\2023\lg-vdcu\exceltobin\exceltobin\release\file2.obj
e:\work\2023\lg-vdcu\exceltobin\exceltobin\release\exceltobindlg.obj
e:\work\2023\lg-vdcu\exceltobin\exceltobin\release\exceltobin.obj
e:\work\2023\lg-vdcu\exceltobin\exceltobin\release\encodingutil.obj
e:\work\2023\lg-vdcu\exceltobin\exceltobin\release\buffer.obj
e:\work\2023\lg-vdcu\exceltobin\exceltobin\release\uds_crc.obj
e:\work\2023\lg-vdcu\exceltobin\release\exceltobin.exe
e:\work\2023\lg-vdcu\exceltobin\release\exceltobin.pdb
e:\work\2023\lg-vdcu\exceltobin\exceltobin\release\exceltobin.res
e:\work\2023\lg-vdcu\exceltobin\exceltobin\release\exceltobin.tlog\cl.command.1.tlog
e:\work\2023\lg-vdcu\exceltobin\exceltobin\release\exceltobin.tlog\cl.read.1.tlog
e:\work\2023\lg-vdcu\exceltobin\exceltobin\release\exceltobin.tlog\cl.write.1.tlog
e:\work\2023\lg-vdcu\exceltobin\exceltobin\release\exceltobin.tlog\link.command.1.tlog
e:\work\2023\lg-vdcu\exceltobin\exceltobin\release\exceltobin.tlog\link.read.1.tlog
e:\work\2023\lg-vdcu\exceltobin\exceltobin\release\exceltobin.tlog\link.write.1.tlog
e:\work\2023\lg-vdcu\exceltobin\exceltobin\release\exceltobin.tlog\rc.command.1.tlog
e:\work\2023\lg-vdcu\exceltobin\exceltobin\release\exceltobin.tlog\rc.read.1.tlog
e:\work\2023\lg-vdcu\exceltobin\exceltobin\release\exceltobin.tlog\rc.write.1.tlog
