e:\work\2023\lg-vdcu\excel2rule\exceltobin\debug\yh_fileconverter.pch
e:\work\2023\lg-vdcu\excel2rule\exceltobin\debug\vc120.pdb
e:\work\2023\lg-vdcu\excel2rule\exceltobin\debug\vc120.idb
e:\work\2023\lg-vdcu\excel2rule\exceltobin\debug\stdafx.obj
e:\work\2023\lg-vdcu\excel2rule\exceltobin\debug\buffer.obj
e:\work\2023\lg-vdcu\excel2rule\exceltobin\debug\encodingutil.obj
e:\work\2023\lg-vdcu\excel2rule\exceltobin\debug\exceltobin.obj
e:\work\2023\lg-vdcu\excel2rule\exceltobin\debug\exceltobindlg.obj
e:\work\2023\lg-vdcu\excel2rule\exceltobin\debug\file2.obj
e:\work\2023\lg-vdcu\excel2rule\exceltobin\debug\path.obj
e:\work\2023\lg-vdcu\excel2rule\exceltobin\debug\readexcel.obj
e:\work\2023\lg-vdcu\excel2rule\exceltobin\debug\rulefile.obj
e:\work\2023\lg-vdcu\excel2rule\exceltobin\debug\uds_crc.obj
e:\work\2023\lg-vdcu\excel2rule\debug\yh_fileconverter.ilk
e:\work\2023\lg-vdcu\excel2rule\debug\yh_fileconverter.exe
e:\work\2023\lg-vdcu\excel2rule\debug\yh_fileconverter.pdb
e:\work\2023\lg-vdcu\excel2rule\exceltobin\debug\exceltobin.res
e:\work\2023\lg-vdcu\excel2rule\exceltobin\debug\exceltobin.pch
e:\work\2023\lg-vdcu\excel2rule\exceltobin\debug\exceltobin.tlog\cl.command.1.tlog
e:\work\2023\lg-vdcu\excel2rule\exceltobin\debug\exceltobin.tlog\cl.read.1.tlog
e:\work\2023\lg-vdcu\excel2rule\exceltobin\debug\exceltobin.tlog\cl.write.1.tlog
e:\work\2023\lg-vdcu\excel2rule\exceltobin\debug\exceltobin.tlog\link.command.1.tlog
e:\work\2023\lg-vdcu\excel2rule\exceltobin\debug\exceltobin.tlog\link.read.1.tlog
e:\work\2023\lg-vdcu\excel2rule\exceltobin\debug\exceltobin.tlog\link.write.1.tlog
e:\work\2023\lg-vdcu\excel2rule\exceltobin\debug\exceltobin.tlog\rc.command.1.tlog
e:\work\2023\lg-vdcu\excel2rule\exceltobin\debug\exceltobin.tlog\rc.read.1.tlog
e:\work\2023\lg-vdcu\excel2rule\exceltobin\debug\exceltobin.tlog\rc.write.1.tlog
